<?xml version="1.0" encoding="UTF-8"?>
<!-- Generated by org.testng.reporters.JUnitXMLReporter -->
<testsuite hostname="inbsantosh.local" ignored="2" name="testing Twitter APIs" tests="2" failures="0" timestamp="13 Feb 2018 05:26:13 GMT" time="2.211" errors="0">
  <testcase name="postTweet" time="1.666" classname="twittertests.PostRequest"/>
  <testcase name="readTweet" time="0.535" classname="twittertests.PostRequest"/>
  <testcase name="@BeforeSuite setup" time="0.0" classname="base.TwitterSetup">
    <ignored/>
  </testcase> <!-- @BeforeSuite setup -->
  <testcase name="getMyTweets" time="0.0" classname="twittertests.GetRequest">
    <ignored/>
  </testcase> <!-- getMyTweets -->
</testsuite> <!-- testing Twitter APIs -->
