<?xml version="1.0" encoding="UTF-8"?>
<testng-results skipped="0" failed="0" ignored="2" total="4" passed="2">
  <reporter-output>
  </reporter-output>
  <suite name="RestAPI Testing" duration-ms="2211" started-at="2018-02-13T05:26:10Z" finished-at="2018-02-13T05:26:13Z">
    <groups>
      <group name="mytweets">
        <method signature="PostRequest.postTweet()[pri:0, instance:twittertests.PostRequest@1cd072a9]" name="postTweet" class="twittertests.PostRequest"/>
      </group> <!-- mytweets -->
    </groups>
    <test name="testing Twitter APIs" duration-ms="2211" started-at="2018-02-13T05:26:10Z" finished-at="2018-02-13T05:26:13Z">
      <class name="twittertests.GetRequest">
        <test-method status="PASS" signature="setup(java.lang.String, java.lang.String, java.lang.String, java.lang.String)[pri:0, instance:twittertests.GetRequest@e580929]" name="setup" is-config="true" duration-ms="303" started-at="2018-02-13T10:56:10Z" finished-at="2018-02-13T10:56:10Z">
          <params>
            <param index="0">
              <value>
                <![CDATA[0kckSVMFswWanOraRD8k8AIdr]]>
              </value>
            </param>
            <param index="1">
              <value>
                <![CDATA[QYxW0D40UpS6erPklVsWiIqOQckgaHcq0PvQKyqhSwW6u9BZxm]]>
              </value>
            </param>
            <param index="2">
              <value>
                <![CDATA[209209041-aJYvC6jxPMmRRAPiqFwxNmQT9SeC0Py8K5Cz63b8]]>
              </value>
            </param>
            <param index="3">
              <value>
                <![CDATA[NZy3dulTWjFmYu5VxEJDgPwhQJNwfi51TOsKp6lV1dp85]]>
              </value>
            </param>
          </params>
          <reporter-output>
          </reporter-output>
        </test-method> <!-- setup -->
      </class> <!-- twittertests.GetRequest -->
      <class name="twittertests.PostRequest">
        <test-method status="PASS" signature="postTweet()[pri:0, instance:twittertests.PostRequest@1cd072a9]" name="postTweet" duration-ms="1666" started-at="2018-02-13T10:56:10Z" finished-at="2018-02-13T10:56:12Z">
          <reporter-output>
          </reporter-output>
        </test-method> <!-- postTweet -->
        <test-method status="PASS" signature="readTweet()[pri:0, instance:twittertests.PostRequest@1cd072a9]" name="readTweet" duration-ms="535" started-at="2018-02-13T10:56:12Z" depends-on-methods="twittertests.PostRequest.postTweet" finished-at="2018-02-13T10:56:13Z">
          <reporter-output>
          </reporter-output>
        </test-method> <!-- readTweet -->
      </class> <!-- twittertests.PostRequest -->
    </test> <!-- testing Twitter APIs -->
  </suite> <!-- RestAPI Testing -->
</testng-results>
